<?xml version="1.0" encoding="UTF-8"?>
<!-- Generated by org.testng.reporters.JUnitReportReporter -->
<testsuite hostname="WDS-ICT-TEMP-LP" failures="0" tests="4" name="gradle.GeometryTest" time="0.022" errors="0" timestamp="2023-05-21T15:52:16 IST" skipped="0">
  <testcase classname="gradle.GeometryTest" name="testSurfaceAreaSphere" time="0.001"/>
  <system-out/>
  <testcase classname="gradle.GeometryTest" name="testVolumeSphere" time="0.003"/>
  <system-out/>
  <testcase classname="gradle.GeometryTest" name="testPerimeterRect" time="0.003"/>
  <system-out/>
  <testcase classname="gradle.GeometryTest" name="testAreaRect" time="0.015"/>
  <system-out/>
</testsuite> <!-- gradle.GeometryTest -->
